#
# There is insufficient memory for the Java Runtime Environment to continue.
# Native memory allocation (malloc) failed to allocate 920816 bytes for Chunk::new
# Possible reasons:
#   The system is out of physical RAM or swap space
#   The process is running with CompressedOops enabled, and the Java Heap may be blocking the growth of the native heap
# Possible solutions:
#   Reduce memory load on the system
#   Increase physical memory or swap space
#   Check if swap backing store is full
#   Decrease Java heap size (-Xmx/-Xms)
#   Decrease number of Java threads
#   Decrease Java thread stack sizes (-Xss)
#   Set larger code cache with -XX:ReservedCodeCacheSize=
#   JVM is running with Unscaled Compressed Oops mode in which the Java heap is
#     placed in the first 4GB address space. The Java Heap base address is the
#     maximum limit for the native heap growth. Please use -XX:HeapBaseMinAddress
#     to set the Java Heap base and to place the Java Heap above 4GB virtual address.
# This output file may be truncated or incomplete.
#
#  Out of Memory Error (arena.cpp:184), pid=34168, tid=19592
#
# JRE version: Java(TM) SE Runtime Environment (18.0.2.1+1) (build 18.0.2.1+1-1)
# Java VM: Java HotSpot(TM) 64-Bit Server VM (18.0.2.1+1-1, mixed mode, sharing, tiered, compressed oops, compressed class ptrs, g1 gc, windows-amd64)
# No core dump will be written. Minidumps are not enabled by default on client versions of Windows
#

---------------  S U M M A R Y ------------

Command Line: -XX:MaxMetaspaceSize=512m --add-opens=java.base/java.util=ALL-UNNAMED --add-opens=java.base/java.lang=ALL-UNNAMED --add-opens=java.base/java.lang.invoke=ALL-UNNAMED --add-opens=java.prefs/java.util.prefs=ALL-UNNAMED --add-opens=java.base/java.nio.charset=ALL-UNNAMED --add-opens=java.base/java.net=ALL-UNNAMED --add-opens=java.base/java.util.concurrent.atomic=ALL-UNNAMED -Xmx2048m -Dfile.encoding=UTF-8 -Duser.country=US -Duser.language=en -Duser.variant -javaagent:C:\Users\sgmpd\.gradle\wrapper\dists\gradle-8.8-all\6gdy1pgp427xkqcjbxw3ylt6h\gradle-8.8\lib\agents\gradle-instrumentation-agent-8.8.jar org.gradle.launcher.daemon.bootstrap.GradleDaemon 8.8

Host: 12th Gen Intel(R) Core(TM) i5-12500H, 16 cores, 15G,  Windows 11 , 64 bit Build 22621 (10.0.22621.3958)
Time: Sat Nov 16 15:26:07 2024 Nepal Standard Time elapsed time: 1.427405 seconds (0d 0h 0m 1s)

---------------  T H R E A D  ---------------

Current thread (0x000001d7d099a770):  JavaThread "C2 CompilerThread2" daemon [_thread_in_native, id=19592, stack(0x0000002fd0e00000,0x0000002fd0f00000)]


Current CompileTask:
C2:   1427 2549   !   4       java.security.AccessController::doPrivileged (26 bytes)

Stack: [0x0000002fd0e00000,0x0000002fd0f00000]
Native frames: (J=compiled Java code, j=interpreted, Vv=VM code, C=native code)
V  [jvm.dll+0x6993aa]
V  [jvm.dll+0x7f46dd]
V  [jvm.dll+0x7f5fee]
V  [jvm.dll+0x7f66a3]
V  [jvm.dll+0x25cf1f]
V  [jvm.dll+0xb8c2f]
V  [jvm.dll+0xb8fa5]
V  [jvm.dll+0x2c7e2f]
V  [jvm.dll+0x5a0d8e]
V  [jvm.dll+0x2388de]
V  [jvm.dll+0x231ea5]
V  [jvm.dll+0x22f3cb]
V  [jvm.dll+0x1ba01c]
V  [jvm.dll+0x23ee0a]
V  [jvm.dll+0x23d0f5]
V  [jvm.dll+0x7a6dd1]
V  [jvm.dll+0x7a120a]
V  [jvm.dll+0x698255]
C  [ucrtbase.dll+0x29333]
C  [KERNEL32.DLL+0x1257d]
C  [ntdll.dll+0x5af08]


---------------  P R O C E S S  ---------------

Threads class SMR info:
_java_thread_list=0x000001d7d2515b80, length=30, elements={
0x000001d7ad68f580, 0x000001d7cc417910, 0x000001d7cc418570, 0x000001d7cc42a890,
0x000001d7cc42c150, 0x000001d7cc42caf0, 0x000001d7cc42d490, 0x000001d7cc42e160,
0x000001d7d080a4b0, 0x000001d7d080cab0, 0x000001d7d08c4300, 0x000001d7d09425c0,
0x000001d7d094ab10, 0x000001d7d09530e0, 0x000001d7d0963d60, 0x000001d7d099a770,
0x000001d7d0a8db30, 0x000001d7d1cf3070, 0x000001d7d22bf400, 0x000001d7d22bb2e0,
0x000001d7d22f71e0, 0x000001d7d2329bb0, 0x000001d7d2337190, 0x000001d7d2349ee0,
0x000001d7d2463040, 0x000001d7d24639e0, 0x000001d7d24626a0, 0x000001d7d24621d0,
0x000001d7d2465b90, 0x000001d7d2463eb0
}

Java Threads: ( => current thread )
  0x000001d7ad68f580 JavaThread "main" [_thread_blocked, id=24816, stack(0x0000002fcf900000,0x0000002fcfa00000)]
  0x000001d7cc417910 JavaThread "Reference Handler" daemon [_thread_blocked, id=17312, stack(0x0000002fd0000000,0x0000002fd0100000)]
  0x000001d7cc418570 JavaThread "Finalizer" daemon [_thread_blocked, id=34552, stack(0x0000002fd0100000,0x0000002fd0200000)]
  0x000001d7cc42a890 JavaThread "Signal Dispatcher" daemon [_thread_blocked, id=9912, stack(0x0000002fd0200000,0x0000002fd0300000)]
  0x000001d7cc42c150 JavaThread "Attach Listener" daemon [_thread_blocked, id=33852, stack(0x0000002fd0300000,0x0000002fd0400000)]
  0x000001d7cc42caf0 JavaThread "Service Thread" daemon [_thread_blocked, id=22400, stack(0x0000002fd0400000,0x0000002fd0500000)]
  0x000001d7cc42d490 JavaThread "Monitor Deflation Thread" daemon [_thread_blocked, id=14560, stack(0x0000002fd0500000,0x0000002fd0600000)]
  0x000001d7cc42e160 JavaThread "C2 CompilerThread0" daemon [_thread_in_native, id=22920, stack(0x0000002fd0600000,0x0000002fd0700000)]
  0x000001d7d080a4b0 JavaThread "C1 CompilerThread0" daemon [_thread_in_vm, id=23096, stack(0x0000002fd0700000,0x0000002fd0800000)]
  0x000001d7d080cab0 JavaThread "Sweeper thread" daemon [_thread_blocked, id=30544, stack(0x0000002fd0800000,0x0000002fd0900000)]
  0x000001d7d08c4300 JavaThread "C1 CompilerThread1" daemon [_thread_blocked, id=33964, stack(0x0000002fd0900000,0x0000002fd0a00000)]
  0x000001d7d09425c0 JavaThread "Common-Cleaner" daemon [_thread_blocked, id=33208, stack(0x0000002fd0a00000,0x0000002fd0b00000)]
  0x000001d7d094ab10 JavaThread "C1 CompilerThread2" daemon [_thread_blocked, id=33680, stack(0x0000002fd0b00000,0x0000002fd0c00000)]
  0x000001d7d09530e0 JavaThread "C1 CompilerThread3" daemon [_thread_blocked, id=13012, stack(0x0000002fd0c00000,0x0000002fd0d00000)]
  0x000001d7d0963d60 JavaThread "C2 CompilerThread1" daemon [_thread_in_native, id=17060, stack(0x0000002fd0d00000,0x0000002fd0e00000)]
=>0x000001d7d099a770 JavaThread "C2 CompilerThread2" daemon [_thread_in_native, id=19592, stack(0x0000002fd0e00000,0x0000002fd0f00000)]
  0x000001d7d0a8db30 JavaThread "Notification Thread" daemon [_thread_blocked, id=14972, stack(0x0000002fd0f00000,0x0000002fd1000000)]
  0x000001d7d1cf3070 JavaThread "Daemon health stats" [_thread_blocked, id=12864, stack(0x0000002fd1600000,0x0000002fd1700000)]
  0x000001d7d22bf400 JavaThread "Incoming local TCP Connector on port 57304" [_thread_in_native, id=3120, stack(0x0000002fd1700000,0x0000002fd1800000)]
  0x000001d7d22bb2e0 JavaThread "Daemon periodic checks" [_thread_blocked, id=33684, stack(0x0000002fd1800000,0x0000002fd1900000)]
  0x000001d7d22f71e0 JavaThread "Daemon" [_thread_blocked, id=25544, stack(0x0000002fd1900000,0x0000002fd1a00000)]
  0x000001d7d2329bb0 JavaThread "Handler for socket connection from /127.0.0.1:57304 to /127.0.0.1:57305" [_thread_in_native, id=17640, stack(0x0000002fd1a00000,0x0000002fd1b00000)]
  0x000001d7d2337190 JavaThread "Cancel handler" [_thread_blocked, id=5840, stack(0x0000002fd1b00000,0x0000002fd1c00000)]
  0x000001d7d2349ee0 JavaThread "Daemon worker" [_thread_in_Java, id=34320, stack(0x0000002fd1c00000,0x0000002fd1d00000)]
  0x000001d7d2463040 JavaThread "Asynchronous log dispatcher for DefaultDaemonConnection: socket connection from /127.0.0.1:57304 to /127.0.0.1:57305" [_thread_blocked, id=6724, stack(0x0000002fd1d00000,0x0000002fd1e00000)]
  0x000001d7d24639e0 JavaThread "Stdin handler" [_thread_blocked, id=25188, stack(0x0000002fd1e00000,0x0000002fd1f00000)]
  0x000001d7d24626a0 JavaThread "Daemon client event forwarder" [_thread_blocked, id=17156, stack(0x0000002fd1f00000,0x0000002fd2000000)]
  0x000001d7d24621d0 JavaThread "Cache worker for journal cache (C:\Users\sgmpd\.gradle\caches\journal-1)" [_thread_blocked, id=19744, stack(0x0000002fd2000000,0x0000002fd2100000)]
  0x000001d7d2465b90 JavaThread "File lock request listener" [_thread_in_native, id=26200, stack(0x0000002fd2100000,0x0000002fd2200000)]
  0x000001d7d2463eb0 JavaThread "Cache worker for file hash cache (C:\Users\sgmpd\.gradle\caches\8.8\fileHashes)" [_thread_blocked, id=5016, stack(0x0000002fd2200000,0x0000002fd2300000)]

Other Threads:
  0x000001d7ad732a30 VMThread "VM Thread" [stack: 0x0000002fcff00000,0x0000002fd0000000] [id=31812]
  0x000001d7ad6903e0 WatcherThread "VM Periodic Task Thread" [stack: 0x0000002fd1000000,0x0000002fd1100000] [id=32132]
  0x000001d7ad6f0530 WorkerThread "GC Thread#0" [stack: 0x0000002fcfa00000,0x0000002fcfb00000] [id=18160]
  0x000001d7d0f02890 WorkerThread "GC Thread#1" [stack: 0x0000002fd1100000,0x0000002fd1200000] [id=25640]
  0x000001d7d0f03d90 WorkerThread "GC Thread#2" [stack: 0x0000002fd1200000,0x0000002fd1300000] [id=18744]
  0x000001d7d0f04030 WorkerThread "GC Thread#3" [stack: 0x0000002fd1300000,0x0000002fd1400000] [id=29080]
  0x000001d7d0f03850 WorkerThread "GC Thread#4" [stack: 0x0000002fd1400000,0x0000002fd1500000] [id=12860]
  0x000001d7d0f02dd0 WorkerThread "GC Thread#5" [stack: 0x0000002fd1500000,0x0000002fd1600000] [id=7060]
  0x000001d7ad701460 ConcurrentGCThread "G1 Main Marker" [stack: 0x0000002fcfb00000,0x0000002fcfc00000] [id=27276]
  0x000001d7ad701e50 WorkerThread "G1 Conc#0" [stack: 0x0000002fcfc00000,0x0000002fcfd00000] [id=25440]
  0x000001d7ad73ec90 ConcurrentGCThread "G1 Refine#0" [stack: 0x0000002fcfd00000,0x0000002fcfe00000] [id=33824]
  0x000001d7cc28bb50 ConcurrentGCThread "G1 Service" [stack: 0x0000002fcfe00000,0x0000002fcff00000] [id=12228]

Threads with active compile tasks:
C2 CompilerThread0     1438 2515   !   4       java.lang.ClassLoader::loadClass (121 bytes)
C1 CompilerThread0     1438 2611       3       jdk.internal.org.objectweb.asm.Frame::execute (2305 bytes)
C1 CompilerThread2     1438 2615       3       sun.invoke.util.Wrapper::isSubwordOrInt (20 bytes)
C1 CompilerThread3     1438 2618       3       java.lang.invoke.ClassSpecializer$Factory$1Var::slotSize (8 bytes)
C2 CompilerThread1     1438 2607       4       java.util.Arrays::copyOf (40 bytes)
C2 CompilerThread2     1438 2549   !   4       java.security.AccessController::doPrivileged (26 bytes)

VM state: not at safepoint (normal execution)

VM Mutex/Monitor currently owned by a thread: None

Heap address: 0x0000000080000000, size: 2048 MB, Compressed Oops mode: 32-bit

CDS archive(s) mapped at: [0x0000000800000000-0x0000000800ba0000-0x0000000800ba0000), size 12189696, SharedBaseAddress: 0x0000000800000000, ArchiveRelocationMode: 0.
Compressed class space mapped at: 0x0000000800c00000-0x000000081a800000, reserved size: 432013312
Narrow klass base: 0x0000000800000000, Narrow klass shift: 0, Narrow klass range: 0x100000000

GC Precious Log:
 CardTable entry size: 512
 Card Set container configuration: InlinePtr #cards 5 size 8 Array Of Cards #cards 12 size 40 Howl #buckets 4 coarsen threshold 1843 Howl Bitmap #cards 512 size 80 coarsen threshold 460 Card regions per heap region 1 cards per card region 2048
 CPUs: 16 total, 16 available
 Memory: 16088M
 Large Page Support: Disabled
 NUMA Support: Disabled
 Compressed Oops: Enabled (32-bit)
 Heap Region Size: 1M
 Heap Min Capacity: 8M
 Heap Initial Capacity: 252M
 Heap Max Capacity: 2G
 Pre-touch: Disabled
 Parallel Workers: 13
 Concurrent Workers: 3
 Concurrent Refinement Workers: 13
 Periodic GC: Disabled

Heap:
 garbage-first heap   total 258048K, used 93912K [0x0000000080000000, 0x0000000100000000)
  region size 1024K, 82 young (83968K), 2 survivors (2048K)
 Metaspace       used 15503K, committed 16000K, reserved 487424K
  class space    used 2115K, committed 2304K, reserved 421888K

Heap Regions: E=young(eden), S=young(survivor), O=old, HS=humongous(starts), HC=humongous(continues), CS=collection set, F=free, OA=open archive, CA=closed archive, TAMS=top-at-mark-start (previous, next)
|   0|0x0000000080000000, 0x0000000080100000, 0x0000000080100000|100%|HS|  |TAMS 0x0000000080000000, 0x0000000080000000| Complete 
|   1|0x0000000080100000, 0x0000000080200000, 0x0000000080200000|100%|HC|  |TAMS 0x0000000080100000, 0x0000000080100000| Complete 
|   2|0x0000000080200000, 0x0000000080300000, 0x0000000080300000|100%|HC|  |TAMS 0x0000000080200000, 0x0000000080200000| Complete 
|   3|0x0000000080300000, 0x0000000080400000, 0x0000000080400000|100%|HC|  |TAMS 0x0000000080300000, 0x0000000080300000| Complete 
|   4|0x0000000080400000, 0x0000000080500000, 0x0000000080500000|100%| O|  |TAMS 0x0000000080400000, 0x0000000080400000| Untracked 
|   5|0x0000000080500000, 0x0000000080600000, 0x0000000080600000|100%| O|  |TAMS 0x0000000080500000, 0x0000000080500000| Untracked 
|   6|0x0000000080600000, 0x0000000080700000, 0x0000000080700000|100%| O|  |TAMS 0x0000000080600000, 0x0000000080600000| Untracked 
|   7|0x0000000080700000, 0x0000000080800000, 0x0000000080800000|100%| O|  |TAMS 0x0000000080700000, 0x0000000080700000| Untracked 
|   8|0x0000000080800000, 0x0000000080900000, 0x0000000080900000|100%| O|  |TAMS 0x0000000080800000, 0x0000000080800000| Untracked 
|   9|0x0000000080900000, 0x0000000080a00000, 0x0000000080a00000|100%| O|  |TAMS 0x0000000080900000, 0x0000000080900000| Untracked 
|  10|0x0000000080a00000, 0x0000000080a77c00, 0x0000000080b00000| 46%| O|  |TAMS 0x0000000080a00000, 0x0000000080a00000| Untracked 
|  11|0x0000000080b00000, 0x0000000080c00000, 0x0000000080c00000|100%|HS|  |TAMS 0x0000000080b00000, 0x0000000080b00000| Complete 
|  12|0x0000000080c00000, 0x0000000080d00000, 0x0000000080d00000|100%|HS|  |TAMS 0x0000000080c00000, 0x0000000080c00000| Complete 
|  13|0x0000000080d00000, 0x0000000080d00000, 0x0000000080e00000|  0%| F|  |TAMS 0x0000000080d00000, 0x0000000080d00000| Untracked 
|  14|0x0000000080e00000, 0x0000000080e00000, 0x0000000080f00000|  0%| F|  |TAMS 0x0000000080e00000, 0x0000000080e00000| Untracked 
|  15|0x0000000080f00000, 0x0000000080f00000, 0x0000000081000000|  0%| F|  |TAMS 0x0000000080f00000, 0x0000000080f00000| Untracked 
|  16|0x0000000081000000, 0x0000000081000000, 0x0000000081100000|  0%| F|  |TAMS 0x0000000081000000, 0x0000000081000000| Untracked 
|  17|0x0000000081100000, 0x0000000081100000, 0x0000000081200000|  0%| F|  |TAMS 0x0000000081100000, 0x0000000081100000| Untracked 
|  18|0x0000000081200000, 0x0000000081200000, 0x0000000081300000|  0%| F|  |TAMS 0x0000000081200000, 0x0000000081200000| Untracked 
|  19|0x0000000081300000, 0x0000000081300000, 0x0000000081400000|  0%| F|  |TAMS 0x0000000081300000, 0x0000000081300000| Untracked 
|  20|0x0000000081400000, 0x0000000081400000, 0x0000000081500000|  0%| F|  |TAMS 0x0000000081400000, 0x0000000081400000| Untracked 
|  21|0x0000000081500000, 0x0000000081500000, 0x0000000081600000|  0%| F|  |TAMS 0x0000000081500000, 0x0000000081500000| Untracked 
|  22|0x0000000081600000, 0x0000000081600000, 0x0000000081700000|  0%| F|  |TAMS 0x0000000081600000, 0x0000000081600000| Untracked 
|  23|0x0000000081700000, 0x0000000081700000, 0x0000000081800000|  0%| F|  |TAMS 0x0000000081700000, 0x0000000081700000| Untracked 
|  24|0x0000000081800000, 0x0000000081800000, 0x0000000081900000|  0%| F|  |TAMS 0x0000000081800000, 0x0000000081800000| Untracked 
|  25|0x0000000081900000, 0x0000000081900000, 0x0000000081a00000|  0%| F|  |TAMS 0x0000000081900000, 0x0000000081900000| Untracked 
|  26|0x0000000081a00000, 0x0000000081a00000, 0x0000000081b00000|  0%| F|  |TAMS 0x0000000081a00000, 0x0000000081a00000| Untracked 
|  27|0x0000000081b00000, 0x0000000081b00000, 0x0000000081c00000|  0%| F|  |TAMS 0x0000000081b00000, 0x0000000081b00000| Untracked 
|  28|0x0000000081c00000, 0x0000000081c00000, 0x0000000081d00000|  0%| F|  |TAMS 0x0000000081c00000, 0x0000000081c00000| Untracked 
|  29|0x0000000081d00000, 0x0000000081d00000, 0x0000000081e00000|  0%| F|  |TAMS 0x0000000081d00000, 0x0000000081d00000| Untracked 
|  30|0x0000000081e00000, 0x0000000081e00000, 0x0000000081f00000|  0%| F|  |TAMS 0x0000000081e00000, 0x0000000081e00000| Untracked 
|  31|0x0000000081f00000, 0x0000000081f00000, 0x0000000082000000|  0%| F|  |TAMS 0x0000000081f00000, 0x0000000081f00000| Untracked 
|  32|0x0000000082000000, 0x0000000082000000, 0x0000000082100000|  0%| F|  |TAMS 0x0000000082000000, 0x0000000082000000| Untracked 
|  33|0x0000000082100000, 0x0000000082100000, 0x0000000082200000|  0%| F|  |TAMS 0x0000000082100000, 0x0000000082100000| Untracked 
|  34|0x0000000082200000, 0x0000000082200000, 0x0000000082300000|  0%| F|  |TAMS 0x0000000082200000, 0x0000000082200000| Untracked 
|  35|0x0000000082300000, 0x0000000082300000, 0x0000000082400000|  0%| F|  |TAMS 0x0000000082300000, 0x0000000082300000| Untracked 
|  36|0x0000000082400000, 0x0000000082400000, 0x0000000082500000|  0%| F|  |TAMS 0x0000000082400000, 0x0000000082400000| Untracked 
|  37|0x0000000082500000, 0x0000000082500000, 0x0000000082600000|  0%| F|  |TAMS 0x0000000082500000, 0x0000000082500000| Untracked 
|  38|0x0000000082600000, 0x0000000082600000, 0x0000000082700000|  0%| F|  |TAMS 0x0000000082600000, 0x0000000082600000| Untracked 
|  39|0x0000000082700000, 0x0000000082700000, 0x0000000082800000|  0%| F|  |TAMS 0x0000000082700000, 0x0000000082700000| Untracked 
|  40|0x0000000082800000, 0x0000000082800000, 0x0000000082900000|  0%| F|  |TAMS 0x0000000082800000, 0x0000000082800000| Untracked 
|  41|0x0000000082900000, 0x0000000082900000, 0x0000000082a00000|  0%| F|  |TAMS 0x0000000082900000, 0x0000000082900000| Untracked 
|  42|0x0000000082a00000, 0x0000000082a00000, 0x0000000082b00000|  0%| F|  |TAMS 0x0000000082a00000, 0x0000000082a00000| Untracked 
|  43|0x0000000082b00000, 0x0000000082b00000, 0x0000000082c00000|  0%| F|  |TAMS 0x0000000082b00000, 0x0000000082b00000| Untracked 
|  44|0x0000000082c00000, 0x0000000082c00000, 0x0000000082d00000|  0%| F|  |TAMS 0x0000000082c00000, 0x0000000082c00000| Untracked 
|  45|0x0000000082d00000, 0x0000000082d00000, 0x0000000082e00000|  0%| F|  |TAMS 0x0000000082d00000, 0x0000000082d00000| Untracked 
|  46|0x0000000082e00000, 0x0000000082e00000, 0x0000000082f00000|  0%| F|  |TAMS 0x0000000082e00000, 0x0000000082e00000| Untracked 
|  47|0x0000000082f00000, 0x0000000082f00000, 0x0000000083000000|  0%| F|  |TAMS 0x0000000082f00000, 0x0000000082f00000| Untracked 
|  48|0x0000000083000000, 0x0000000083000000, 0x0000000083100000|  0%| F|  |TAMS 0x0000000083000000, 0x0000000083000000| Untracked 
|  49|0x0000000083100000, 0x0000000083100000, 0x0000000083200000|  0%| F|  |TAMS 0x0000000083100000, 0x0000000083100000| Untracked 
|  50|0x0000000083200000, 0x0000000083200000, 0x0000000083300000|  0%| F|  |TAMS 0x0000000083200000, 0x0000000083200000| Untracked 
|  51|0x0000000083300000, 0x0000000083300000, 0x0000000083400000|  0%| F|  |TAMS 0x0000000083300000, 0x0000000083300000| Untracked 
|  52|0x0000000083400000, 0x0000000083400000, 0x0000000083500000|  0%| F|  |TAMS 0x0000000083400000, 0x0000000083400000| Untracked 
|  53|0x0000000083500000, 0x0000000083500000, 0x0000000083600000|  0%| F|  |TAMS 0x0000000083500000, 0x0000000083500000| Untracked 
|  54|0x0000000083600000, 0x0000000083600000, 0x0000000083700000|  0%| F|  |TAMS 0x0000000083600000, 0x0000000083600000| Untracked 
|  55|0x0000000083700000, 0x0000000083700000, 0x0000000083800000|  0%| F|  |TAMS 0x0000000083700000, 0x0000000083700000| Untracked 
|  56|0x0000000083800000, 0x0000000083800000, 0x0000000083900000|  0%| F|  |TAMS 0x0000000083800000, 0x0000000083800000| Untracked 
|  57|0x0000000083900000, 0x0000000083900000, 0x0000000083a00000|  0%| F|  |TAMS 0x0000000083900000, 0x0000000083900000| Untracked 
|  58|0x0000000083a00000, 0x0000000083a00000, 0x0000000083b00000|  0%| F|  |TAMS 0x0000000083a00000, 0x0000000083a00000| Untracked 
|  59|0x0000000083b00000, 0x0000000083b00000, 0x0000000083c00000|  0%| F|  |TAMS 0x0000000083b00000, 0x0000000083b00000| Untracked 
|  60|0x0000000083c00000, 0x0000000083c00000, 0x0000000083d00000|  0%| F|  |TAMS 0x0000000083c00000, 0x0000000083c00000| Untracked 
|  61|0x0000000083d00000, 0x0000000083d00000, 0x0000000083e00000|  0%| F|  |TAMS 0x0000000083d00000, 0x0000000083d00000| Untracked 
|  62|0x0000000083e00000, 0x0000000083e00000, 0x0000000083f00000|  0%| F|  |TAMS 0x0000000083e00000, 0x0000000083e00000| Untracked 
|  63|0x0000000083f00000, 0x0000000083f00000, 0x0000000084000000|  0%| F|  |TAMS 0x0000000083f00000, 0x0000000083f00000| Untracked 
|  64|0x0000000084000000, 0x0000000084000000, 0x0000000084100000|  0%| F|  |TAMS 0x0000000084000000, 0x0000000084000000| Untracked 
|  65|0x0000000084100000, 0x0000000084100000, 0x0000000084200000|  0%| F|  |TAMS 0x0000000084100000, 0x0000000084100000| Untracked 
|  66|0x0000000084200000, 0x0000000084200000, 0x0000000084300000|  0%| F|  |TAMS 0x0000000084200000, 0x0000000084200000| Untracked 
|  67|0x0000000084300000, 0x0000000084300000, 0x0000000084400000|  0%| F|  |TAMS 0x0000000084300000, 0x0000000084300000| Untracked 
|  68|0x0000000084400000, 0x0000000084400000, 0x0000000084500000|  0%| F|  |TAMS 0x0000000084400000, 0x0000000084400000| Untracked 
|  69|0x0000000084500000, 0x0000000084500000, 0x0000000084600000|  0%| F|  |TAMS 0x0000000084500000, 0x0000000084500000| Untracked 
|  70|0x0000000084600000, 0x0000000084600000, 0x0000000084700000|  0%| F|  |TAMS 0x0000000084600000, 0x0000000084600000| Untracked 
|  71|0x0000000084700000, 0x0000000084700000, 0x0000000084800000|  0%| F|  |TAMS 0x0000000084700000, 0x0000000084700000| Untracked 
|  72|0x0000000084800000, 0x0000000084800000, 0x0000000084900000|  0%| F|  |TAMS 0x0000000084800000, 0x0000000084800000| Untracked 
|  73|0x0000000084900000, 0x0000000084900000, 0x0000000084a00000|  0%| F|  |TAMS 0x0000000084900000, 0x0000000084900000| Untracked 
|  74|0x0000000084a00000, 0x0000000084a00000, 0x0000000084b00000|  0%| F|  |TAMS 0x0000000084a00000, 0x0000000084a00000| Untracked 
|  75|0x0000000084b00000, 0x0000000084b00000, 0x0000000084c00000|  0%| F|  |TAMS 0x0000000084b00000, 0x0000000084b00000| Untracked 
|  76|0x0000000084c00000, 0x0000000084c00000, 0x0000000084d00000|  0%| F|  |TAMS 0x0000000084c00000, 0x0000000084c00000| Untracked 
|  77|0x0000000084d00000, 0x0000000084d00000, 0x0000000084e00000|  0%| F|  |TAMS 0x0000000084d00000, 0x0000000084d00000| Untracked 
|  78|0x0000000084e00000, 0x0000000084e00000, 0x0000000084f00000|  0%| F|  |TAMS 0x0000000084e00000, 0x0000000084e00000| Untracked 
|  79|0x0000000084f00000, 0x0000000084f00000, 0x0000000085000000|  0%| F|  |TAMS 0x0000000084f00000, 0x0000000084f00000| Untracked 
|  80|0x0000000085000000, 0x0000000085000000, 0x0000000085100000|  0%| F|  |TAMS 0x0000000085000000, 0x0000000085000000| Untracked 
|  81|0x0000000085100000, 0x0000000085100000, 0x0000000085200000|  0%| F|  |TAMS 0x0000000085100000, 0x0000000085100000| Untracked 
|  82|0x0000000085200000, 0x0000000085200000, 0x0000000085300000|  0%| F|  |TAMS 0x0000000085200000, 0x0000000085200000| Untracked 
|  83|0x0000000085300000, 0x0000000085300000, 0x0000000085400000|  0%| F|  |TAMS 0x0000000085300000, 0x0000000085300000| Untracked 
|  84|0x0000000085400000, 0x0000000085400000, 0x0000000085500000|  0%| F|  |TAMS 0x0000000085400000, 0x0000000085400000| Untracked 
|  85|0x0000000085500000, 0x0000000085500000, 0x0000000085600000|  0%| F|  |TAMS 0x0000000085500000, 0x0000000085500000| Untracked 
|  86|0x0000000085600000, 0x0000000085600000, 0x0000000085700000|  0%| F|  |TAMS 0x0000000085600000, 0x0000000085600000| Untracked 
|  87|0x0000000085700000, 0x0000000085700000, 0x0000000085800000|  0%| F|  |TAMS 0x0000000085700000, 0x0000000085700000| Untracked 
|  88|0x0000000085800000, 0x0000000085800000, 0x0000000085900000|  0%| F|  |TAMS 0x0000000085800000, 0x0000000085800000| Untracked 
|  89|0x0000000085900000, 0x0000000085900000, 0x0000000085a00000|  0%| F|  |TAMS 0x0000000085900000, 0x0000000085900000| Untracked 
|  90|0x0000000085a00000, 0x0000000085a00000, 0x0000000085b00000|  0%| F|  |TAMS 0x0000000085a00000, 0x0000000085a00000| Untracked 
|  91|0x0000000085b00000, 0x0000000085b00000, 0x0000000085c00000|  0%| F|  |TAMS 0x0000000085b00000, 0x0000000085b00000| Untracked 
|  92|0x0000000085c00000, 0x0000000085c00000, 0x0000000085d00000|  0%| F|  |TAMS 0x0000000085c00000, 0x0000000085c00000| Untracked 
|  93|0x0000000085d00000, 0x0000000085d00000, 0x0000000085e00000|  0%| F|  |TAMS 0x0000000085d00000, 0x0000000085d00000| Untracked 
|  94|0x0000000085e00000, 0x0000000085e00000, 0x0000000085f00000|  0%| F|  |TAMS 0x0000000085e00000, 0x0000000085e00000| Untracked 
|  95|0x0000000085f00000, 0x0000000085f00000, 0x0000000086000000|  0%| F|  |TAMS 0x0000000085f00000, 0x0000000085f00000| Untracked 
|  96|0x0000000086000000, 0x0000000086000000, 0x0000000086100000|  0%| F|  |TAMS 0x0000000086000000, 0x0000000086000000| Untracked 
|  97|0x0000000086100000, 0x0000000086100000, 0x0000000086200000|  0%| F|  |TAMS 0x0000000086100000, 0x0000000086100000| Untracked 
|  98|0x0000000086200000, 0x0000000086200000, 0x0000000086300000|  0%| F|  |TAMS 0x0000000086200000, 0x0000000086200000| Untracked 
|  99|0x0000000086300000, 0x0000000086300000, 0x0000000086400000|  0%| F|  |TAMS 0x0000000086300000, 0x0000000086300000| Untracked 
| 100|0x0000000086400000, 0x0000000086400000, 0x0000000086500000|  0%| F|  |TAMS 0x0000000086400000, 0x0000000086400000| Untracked 
| 101|0x0000000086500000, 0x0000000086500000, 0x0000000086600000|  0%| F|  |TAMS 0x0000000086500000, 0x0000000086500000| Untracked 
| 102|0x0000000086600000, 0x0000000086600000, 0x0000000086700000|  0%| F|  |TAMS 0x0000000086600000, 0x0000000086600000| Untracked 
| 103|0x0000000086700000, 0x0000000086700000, 0x0000000086800000|  0%| F|  |TAMS 0x0000000086700000, 0x0000000086700000| Untracked 
| 104|0x0000000086800000, 0x0000000086800000, 0x0000000086900000|  0%| F|  |TAMS 0x0000000086800000, 0x0000000086800000| Untracked 
| 105|0x0000000086900000, 0x0000000086900000, 0x0000000086a00000|  0%| F|  |TAMS 0x0000000086900000, 0x0000000086900000| Untracked 
| 106|0x0000000086a00000, 0x0000000086a00000, 0x0000000086b00000|  0%| F|  |TAMS 0x0000000086a00000, 0x0000000086a00000| Untracked 
| 107|0x0000000086b00000, 0x0000000086b00000, 0x0000000086c00000|  0%| F|  |TAMS 0x0000000086b00000, 0x0000000086b00000| Untracked 
| 108|0x0000000086c00000, 0x0000000086c00000, 0x0000000086d00000|  0%| F|  |TAMS 0x0000000086c00000, 0x0000000086c00000| Untracked 
| 109|0x0000000086d00000, 0x0000000086d00000, 0x0000000086e00000|  0%| F|  |TAMS 0x0000000086d00000, 0x0000000086d00000| Untracked 
| 110|0x0000000086e00000, 0x0000000086e00000, 0x0000000086f00000|  0%| F|  |TAMS 0x0000000086e00000, 0x0000000086e00000| Untracked 
| 111|0x0000000086f00000, 0x0000000086f00000, 0x0000000087000000|  0%| F|  |TAMS 0x0000000086f00000, 0x0000000086f00000| Untracked 
| 112|0x0000000087000000, 0x0000000087000000, 0x0000000087100000|  0%| F|  |TAMS 0x0000000087000000, 0x0000000087000000| Untracked 
| 113|0x0000000087100000, 0x0000000087100000, 0x0000000087200000|  0%| F|  |TAMS 0x0000000087100000, 0x0000000087100000| Untracked 
| 114|0x0000000087200000, 0x0000000087200000, 0x0000000087300000|  0%| F|  |TAMS 0x0000000087200000, 0x0000000087200000| Untracked 
| 115|0x0000000087300000, 0x0000000087300000, 0x0000000087400000|  0%| F|  |TAMS 0x0000000087300000, 0x0000000087300000| Untracked 
| 116|0x0000000087400000, 0x0000000087400000, 0x0000000087500000|  0%| F|  |TAMS 0x0000000087400000, 0x0000000087400000| Untracked 
| 117|0x0000000087500000, 0x0000000087500000, 0x0000000087600000|  0%| F|  |TAMS 0x0000000087500000, 0x0000000087500000| Untracked 
| 118|0x0000000087600000, 0x0000000087600000, 0x0000000087700000|  0%| F|  |TAMS 0x0000000087600000, 0x0000000087600000| Untracked 
| 119|0x0000000087700000, 0x0000000087700000, 0x0000000087800000|  0%| F|  |TAMS 0x0000000087700000, 0x0000000087700000| Untracked 
| 120|0x0000000087800000, 0x0000000087800000, 0x0000000087900000|  0%| F|  |TAMS 0x0000000087800000, 0x0000000087800000| Untracked 
| 121|0x0000000087900000, 0x0000000087900000, 0x0000000087a00000|  0%| F|  |TAMS 0x0000000087900000, 0x0000000087900000| Untracked 
| 122|0x0000000087a00000, 0x0000000087a00000, 0x0000000087b00000|  0%| F|  |TAMS 0x0000000087a00000, 0x0000000087a00000| Untracked 
| 123|0x0000000087b00000, 0x0000000087b00000, 0x0000000087c00000|  0%| F|  |TAMS 0x0000000087b00000, 0x0000000087b00000| Untracked 
| 124|0x0000000087c00000, 0x0000000087c00000, 0x0000000087d00000|  0%| F|  |TAMS 0x0000000087c00000, 0x0000000087c00000| Untracked 
| 125|0x0000000087d00000, 0x0000000087d00000, 0x0000000087e00000|  0%| F|  |TAMS 0x0000000087d00000, 0x0000000087d00000| Untracked 
| 126|0x0000000087e00000, 0x0000000087e00000, 0x0000000087f00000|  0%| F|  |TAMS 0x0000000087e00000, 0x0000000087e00000| Untracked 
| 127|0x0000000087f00000, 0x0000000087f00000, 0x0000000088000000|  0%| F|  |TAMS 0x0000000087f00000, 0x0000000087f00000| Untracked 
| 128|0x0000000088000000, 0x0000000088000000, 0x0000000088100000|  0%| F|  |TAMS 0x0000000088000000, 0x0000000088000000| Untracked 
| 129|0x0000000088100000, 0x0000000088100000, 0x0000000088200000|  0%| F|  |TAMS 0x0000000088100000, 0x0000000088100000| Untracked 
| 130|0x0000000088200000, 0x0000000088200000, 0x0000000088300000|  0%| F|  |TAMS 0x0000000088200000, 0x0000000088200000| Untracked 
| 131|0x0000000088300000, 0x0000000088300000, 0x0000000088400000|  0%| F|  |TAMS 0x0000000088300000, 0x0000000088300000| Untracked 
| 132|0x0000000088400000, 0x0000000088400000, 0x0000000088500000|  0%| F|  |TAMS 0x0000000088400000, 0x0000000088400000| Untracked 
| 133|0x0000000088500000, 0x0000000088500000, 0x0000000088600000|  0%| F|  |TAMS 0x0000000088500000, 0x0000000088500000| Untracked 
| 134|0x0000000088600000, 0x0000000088600000, 0x0000000088700000|  0%| F|  |TAMS 0x0000000088600000, 0x0000000088600000| Untracked 
| 135|0x0000000088700000, 0x0000000088700000, 0x0000000088800000|  0%| F|  |TAMS 0x0000000088700000, 0x0000000088700000| Untracked 
| 136|0x0000000088800000, 0x0000000088800000, 0x0000000088900000|  0%| F|  |TAMS 0x0000000088800000, 0x0000000088800000| Untracked 
| 137|0x0000000088900000, 0x0000000088900000, 0x0000000088a00000|  0%| F|  |TAMS 0x0000000088900000, 0x0000000088900000| Untracked 
| 138|0x0000000088a00000, 0x0000000088a00000, 0x0000000088b00000|  0%| F|  |TAMS 0x0000000088a00000, 0x0000000088a00000| Untracked 
| 139|0x0000000088b00000, 0x0000000088b00000, 0x0000000088c00000|  0%| F|  |TAMS 0x0000000088b00000, 0x0000000088b00000| Untracked 
| 140|0x0000000088c00000, 0x0000000088c00000, 0x0000000088d00000|  0%| F|  |TAMS 0x0000000088c00000, 0x0000000088c00000| Untracked 
| 141|0x0000000088d00000, 0x0000000088d00000, 0x0000000088e00000|  0%| F|  |TAMS 0x0000000088d00000, 0x0000000088d00000| Untracked 
| 142|0x0000000088e00000, 0x0000000088e00000, 0x0000000088f00000|  0%| F|  |TAMS 0x0000000088e00000, 0x0000000088e00000| Untracked 
| 143|0x0000000088f00000, 0x0000000088f00000, 0x0000000089000000|  0%| F|  |TAMS 0x0000000088f00000, 0x0000000088f00000| Untracked 
| 144|0x0000000089000000, 0x0000000089000000, 0x0000000089100000|  0%| F|  |TAMS 0x0000000089000000, 0x0000000089000000| Untracked 
| 145|0x0000000089100000, 0x0000000089100000, 0x0000000089200000|  0%| F|  |TAMS 0x0000000089100000, 0x0000000089100000| Untracked 
| 146|0x0000000089200000, 0x0000000089200000, 0x0000000089300000|  0%| F|  |TAMS 0x0000000089200000, 0x0000000089200000| Untracked 
| 147|0x0000000089300000, 0x0000000089300000, 0x0000000089400000|  0%| F|  |TAMS 0x0000000089300000, 0x0000000089300000| Untracked 
| 148|0x0000000089400000, 0x0000000089400000, 0x0000000089500000|  0%| F|  |TAMS 0x0000000089400000, 0x0000000089400000| Untracked 
| 149|0x0000000089500000, 0x0000000089500000, 0x0000000089600000|  0%| F|  |TAMS 0x0000000089500000, 0x0000000089500000| Untracked 
| 150|0x0000000089600000, 0x0000000089600000, 0x0000000089700000|  0%| F|  |TAMS 0x0000000089600000, 0x0000000089600000| Untracked 
| 151|0x0000000089700000, 0x0000000089700000, 0x0000000089800000|  0%| F|  |TAMS 0x0000000089700000, 0x0000000089700000| Untracked 
| 152|0x0000000089800000, 0x0000000089800000, 0x0000000089900000|  0%| F|  |TAMS 0x0000000089800000, 0x0000000089800000| Untracked 
| 153|0x0000000089900000, 0x0000000089900000, 0x0000000089a00000|  0%| F|  |TAMS 0x0000000089900000, 0x0000000089900000| Untracked 
| 154|0x0000000089a00000, 0x0000000089a00000, 0x0000000089b00000|  0%| F|  |TAMS 0x0000000089a00000, 0x0000000089a00000| Untracked 
| 155|0x0000000089b00000, 0x0000000089b00000, 0x0000000089c00000|  0%| F|  |TAMS 0x0000000089b00000, 0x0000000089b00000| Untracked 
| 156|0x0000000089c00000, 0x0000000089c00000, 0x0000000089d00000|  0%| F|  |TAMS 0x0000000089c00000, 0x0000000089c00000| Untracked 
| 157|0x0000000089d00000, 0x0000000089d00000, 0x0000000089e00000|  0%| F|  |TAMS 0x0000000089d00000, 0x0000000089d00000| Untracked 
| 158|0x0000000089e00000, 0x0000000089e00000, 0x0000000089f00000|  0%| F|  |TAMS 0x0000000089e00000, 0x0000000089e00000| Untracked 
| 159|0x0000000089f00000, 0x0000000089f00000, 0x000000008a000000|  0%| F|  |TAMS 0x0000000089f00000, 0x0000000089f00000| Untracked 
| 160|0x000000008a000000, 0x000000008a000000, 0x000000008a100000|  0%| F|  |TAMS 0x000000008a000000, 0x000000008a000000| Untracked 
| 161|0x000000008a100000, 0x000000008a100000, 0x000000008a200000|  0%| F|  |TAMS 0x000000008a100000, 0x000000008a100000| Untracked 
| 162|0x000000008a200000, 0x000000008a200000, 0x000000008a300000|  0%| F|  |TAMS 0x000000008a200000, 0x000000008a200000| Untracked 
| 163|0x000000008a300000, 0x000000008a300000, 0x000000008a400000|  0%| F|  |TAMS 0x000000008a300000, 0x000000008a300000| Untracked 
| 164|0x000000008a400000, 0x000000008a400000, 0x000000008a500000|  0%| F|  |TAMS 0x000000008a400000, 0x000000008a400000| Untracked 
| 165|0x000000008a500000, 0x000000008a500000, 0x000000008a600000|  0%| F|  |TAMS 0x000000008a500000, 0x000000008a500000| Untracked 
| 166|0x000000008a600000, 0x000000008a600000, 0x000000008a700000|  0%| F|  |TAMS 0x000000008a600000, 0x000000008a600000| Untracked 
| 167|0x000000008a700000, 0x000000008a700000, 0x000000008a800000|  0%| F|  |TAMS 0x000000008a700000, 0x000000008a700000| Untracked 
| 168|0x000000008a800000, 0x000000008a800000, 0x000000008a900000|  0%| F|  |TAMS 0x000000008a800000, 0x000000008a800000| Untracked 
| 169|0x000000008a900000, 0x000000008aa00000, 0x000000008aa00000|100%| E|  |TAMS 0x000000008a900000, 0x000000008a900000| Complete 
| 170|0x000000008aa00000, 0x000000008ab00000, 0x000000008ab00000|100%| E|CS|TAMS 0x000000008aa00000, 0x000000008aa00000| Complete 
| 171|0x000000008ab00000, 0x000000008ac00000, 0x000000008ac00000|100%| E|CS|TAMS 0x000000008ab00000, 0x000000008ab00000| Complete 
| 172|0x000000008ac00000, 0x000000008ad00000, 0x000000008ad00000|100%| E|CS|TAMS 0x000000008ac00000, 0x000000008ac00000| Complete 
| 173|0x000000008ad00000, 0x000000008ae00000, 0x000000008ae00000|100%| E|CS|TAMS 0x000000008ad00000, 0x000000008ad00000| Complete 
| 174|0x000000008ae00000, 0x000000008af00000, 0x000000008af00000|100%| E|CS|TAMS 0x000000008ae00000, 0x000000008ae00000| Complete 
| 175|0x000000008af00000, 0x000000008b000000, 0x000000008b000000|100%| E|CS|TAMS 0x000000008af00000, 0x000000008af00000| Complete 
| 176|0x000000008b000000, 0x000000008b100000, 0x000000008b100000|100%| E|CS|TAMS 0x000000008b000000, 0x000000008b000000| Complete 
| 177|0x000000008b100000, 0x000000008b200000, 0x000000008b200000|100%| E|CS|TAMS 0x000000008b100000, 0x000000008b100000| Complete 
| 178|0x000000008b200000, 0x000000008b300000, 0x000000008b300000|100%| E|CS|TAMS 0x000000008b200000, 0x000000008b200000| Complete 
| 179|0x000000008b300000, 0x000000008b400000, 0x000000008b400000|100%| E|CS|TAMS 0x000000008b300000, 0x000000008b300000| Complete 
| 180|0x000000008b400000, 0x000000008b500000, 0x000000008b500000|100%| E|CS|TAMS 0x000000008b400000, 0x000000008b400000| Complete 
| 181|0x000000008b500000, 0x000000008b600000, 0x000000008b600000|100%| E|CS|TAMS 0x000000008b500000, 0x000000008b500000| Complete 
| 182|0x000000008b600000, 0x000000008b700000, 0x000000008b700000|100%| E|CS|TAMS 0x000000008b600000, 0x000000008b600000| Complete 
| 183|0x000000008b700000, 0x000000008b800000, 0x000000008b800000|100%| E|CS|TAMS 0x000000008b700000, 0x000000008b700000| Complete 
| 184|0x000000008b800000, 0x000000008b900000, 0x000000008b900000|100%| E|CS|TAMS 0x000000008b800000, 0x000000008b800000| Complete 
| 185|0x000000008b900000, 0x000000008ba00000, 0x000000008ba00000|100%| E|CS|TAMS 0x000000008b900000, 0x000000008b900000| Complete 
| 186|0x000000008ba00000, 0x000000008bb00000, 0x000000008bb00000|100%| E|CS|TAMS 0x000000008ba00000, 0x000000008ba00000| Complete 
| 187|0x000000008bb00000, 0x000000008bc00000, 0x000000008bc00000|100%| E|CS|TAMS 0x000000008bb00000, 0x000000008bb00000| Complete 
| 188|0x000000008bc00000, 0x000000008bd00000, 0x000000008bd00000|100%| E|CS|TAMS 0x000000008bc00000, 0x000000008bc00000| Complete 
| 189|0x000000008bd00000, 0x000000008be00000, 0x000000008be00000|100%| E|CS|TAMS 0x000000008bd00000, 0x000000008bd00000| Complete 
| 190|0x000000008be00000, 0x000000008bf00000, 0x000000008bf00000|100%| E|CS|TAMS 0x000000008be00000, 0x000000008be00000| Complete 
| 191|0x000000008bf00000, 0x000000008c000000, 0x000000008c000000|100%| E|CS|TAMS 0x000000008bf00000, 0x000000008bf00000| Complete 
| 192|0x000000008c000000, 0x000000008c100000, 0x000000008c100000|100%| E|CS|TAMS 0x000000008c000000, 0x000000008c000000| Complete 
| 193|0x000000008c100000, 0x000000008c200000, 0x000000008c200000|100%| E|CS|TAMS 0x000000008c100000, 0x000000008c100000| Complete 
| 194|0x000000008c200000, 0x000000008c300000, 0x000000008c300000|100%| E|CS|TAMS 0x000000008c200000, 0x000000008c200000| Complete 
| 195|0x000000008c300000, 0x000000008c400000, 0x000000008c400000|100%| E|CS|TAMS 0x000000008c300000, 0x000000008c300000| Complete 
| 196|0x000000008c400000, 0x000000008c500000, 0x000000008c500000|100%| E|CS|TAMS 0x000000008c400000, 0x000000008c400000| Complete 
| 197|0x000000008c500000, 0x000000008c600000, 0x000000008c600000|100%| E|CS|TAMS 0x000000008c500000, 0x000000008c500000| Complete 
| 198|0x000000008c600000, 0x000000008c700000, 0x000000008c700000|100%| E|CS|TAMS 0x000000008c600000, 0x000000008c600000| Complete 
| 199|0x000000008c700000, 0x000000008c800000, 0x000000008c800000|100%| E|CS|TAMS 0x000000008c700000, 0x000000008c700000| Complete 
| 200|0x000000008c800000, 0x000000008c900000, 0x000000008c900000|100%| E|CS|TAMS 0x000000008c800000, 0x000000008c800000| Complete 
| 201|0x000000008c900000, 0x000000008ca00000, 0x000000008ca00000|100%| E|CS|TAMS 0x000000008c900000, 0x000000008c900000| Complete 
| 202|0x000000008ca00000, 0x000000008cb00000, 0x000000008cb00000|100%| E|CS|TAMS 0x000000008ca00000, 0x000000008ca00000| Complete 
| 203|0x000000008cb00000, 0x000000008cc00000, 0x000000008cc00000|100%| E|CS|TAMS 0x000000008cb00000, 0x000000008cb00000| Complete 
| 204|0x000000008cc00000, 0x000000008cd00000, 0x000000008cd00000|100%| E|CS|TAMS 0x000000008cc00000, 0x000000008cc00000| Complete 
| 205|0x000000008cd00000, 0x000000008ce00000, 0x000000008ce00000|100%| E|CS|TAMS 0x000000008cd00000, 0x000000008cd00000| Complete 
| 206|0x000000008ce00000, 0x000000008cf00000, 0x000000008cf00000|100%| E|CS|TAMS 0x000000008ce00000, 0x000000008ce00000| Complete 
| 207|0x000000008cf00000, 0x000000008d000000, 0x000000008d000000|100%| E|CS|TAMS 0x000000008cf00000, 0x000000008cf00000| Complete 
| 208|0x000000008d000000, 0x000000008d100000, 0x000000008d100000|100%| E|CS|TAMS 0x000000008d000000, 0x000000008d000000| Complete 
| 209|0x000000008d100000, 0x000000008d200000, 0x000000008d200000|100%| E|CS|TAMS 0x000000008d100000, 0x000000008d100000| Complete 
| 210|0x000000008d200000, 0x000000008d300000, 0x000000008d300000|100%| E|CS|TAMS 0x000000008d200000, 0x000000008d200000| Complete 
| 211|0x000000008d300000, 0x000000008d400000, 0x000000008d400000|100%| E|CS|TAMS 0x000000008d300000, 0x000000008d300000| Complete 
| 212|0x000000008d400000, 0x000000008d500000, 0x000000008d500000|100%| E|CS|TAMS 0x000000008d400000, 0x000000008d400000| Complete 
| 213|0x000000008d500000, 0x000000008d600000, 0x000000008d600000|100%| E|CS|TAMS 0x000000008d500000, 0x000000008d500000| Complete 
| 214|0x000000008d600000, 0x000000008d700000, 0x000000008d700000|100%| E|CS|TAMS 0x000000008d600000, 0x000000008d600000| Complete 
| 215|0x000000008d700000, 0x000000008d800000, 0x000000008d800000|100%| E|CS|TAMS 0x000000008d700000, 0x000000008d700000| Complete 
| 216|0x000000008d800000, 0x000000008d900000, 0x000000008d900000|100%| E|CS|TAMS 0x000000008d800000, 0x000000008d800000| Complete 
| 217|0x000000008d900000, 0x000000008da00000, 0x000000008da00000|100%| E|CS|TAMS 0x000000008d900000, 0x000000008d900000| Complete 
| 218|0x000000008da00000, 0x000000008db00000, 0x000000008db00000|100%| E|CS|TAMS 0x000000008da00000, 0x000000008da00000| Complete 
| 219|0x000000008db00000, 0x000000008db3e508, 0x000000008dc00000| 24%| S|CS|TAMS 0x000000008db00000, 0x000000008db00000| Complete 
| 220|0x000000008dc00000, 0x000000008dd00000, 0x000000008dd00000|100%| S|CS|TAMS 0x000000008dc00000, 0x000000008dc00000| Complete 
| 221|0x000000008dd00000, 0x000000008de00000, 0x000000008de00000|100%| E|CS|TAMS 0x000000008dd00000, 0x000000008dd00000| Complete 
| 222|0x000000008de00000, 0x000000008df00000, 0x000000008df00000|100%| E|CS|TAMS 0x000000008de00000, 0x000000008de00000| Complete 
| 223|0x000000008df00000, 0x000000008e000000, 0x000000008e000000|100%| E|CS|TAMS 0x000000008df00000, 0x000000008df00000| Complete 
| 224|0x000000008e000000, 0x000000008e100000, 0x000000008e100000|100%| E|CS|TAMS 0x000000008e000000, 0x000000008e000000| Complete 
| 225|0x000000008e100000, 0x000000008e200000, 0x000000008e200000|100%| E|CS|TAMS 0x000000008e100000, 0x000000008e100000| Complete 
| 226|0x000000008e200000, 0x000000008e300000, 0x000000008e300000|100%| E|CS|TAMS 0x000000008e200000, 0x000000008e200000| Complete 
| 227|0x000000008e300000, 0x000000008e400000, 0x000000008e400000|100%| E|CS|TAMS 0x000000008e300000, 0x000000008e300000| Complete 
| 228|0x000000008e400000, 0x000000008e500000, 0x000000008e500000|100%| E|CS|TAMS 0x000000008e400000, 0x000000008e400000| Complete 
| 229|0x000000008e500000, 0x000000008e600000, 0x000000008e600000|100%| E|CS|TAMS 0x000000008e500000, 0x000000008e500000| Complete 
| 230|0x000000008e600000, 0x000000008e700000, 0x000000008e700000|100%| E|CS|TAMS 0x000000008e600000, 0x000000008e600000| Complete 
| 231|0x000000008e700000, 0x000000008e800000, 0x000000008e800000|100%| E|CS|TAMS 0x000000008e700000, 0x000000008e700000| Complete 
| 232|0x000000008e800000, 0x000000008e900000, 0x000000008e900000|100%| E|CS|TAMS 0x000000008e800000, 0x000000008e800000| Complete 
| 233|0x000000008e900000, 0x000000008ea00000, 0x000000008ea00000|100%| E|CS|TAMS 0x000000008e900000, 0x000000008e900000| Complete 
| 234|0x000000008ea00000, 0x000000008eb00000, 0x000000008eb00000|100%| E|CS|TAMS 0x000000008ea00000, 0x000000008ea00000| Complete 
| 235|0x000000008eb00000, 0x000000008ec00000, 0x000000008ec00000|100%| E|CS|TAMS 0x000000008eb00000, 0x000000008eb00000| Complete 
| 236|0x000000008ec00000, 0x000000008ed00000, 0x000000008ed00000|100%| E|CS|TAMS 0x000000008ec00000, 0x000000008ec00000| Complete 
| 237|0x000000008ed00000, 0x000000008ee00000, 0x000000008ee00000|100%| E|CS|TAMS 0x000000008ed00000, 0x000000008ed00000| Complete 
| 238|0x000000008ee00000, 0x000000008ef00000, 0x000000008ef00000|100%| E|  |TAMS 0x000000008ee00000, 0x000000008ee00000| Complete 
| 239|0x000000008ef00000, 0x000000008f000000, 0x000000008f000000|100%| E|CS|TAMS 0x000000008ef00000, 0x000000008ef00000| Complete 
| 240|0x000000008f000000, 0x000000008f100000, 0x000000008f100000|100%| E|CS|TAMS 0x000000008f000000, 0x000000008f000000| Complete 
| 241|0x000000008f100000, 0x000000008f200000, 0x000000008f200000|100%| E|CS|TAMS 0x000000008f100000, 0x000000008f100000| Complete 
| 242|0x000000008f200000, 0x000000008f300000, 0x000000008f300000|100%| E|CS|TAMS 0x000000008f200000, 0x000000008f200000| Complete 
| 243|0x000000008f300000, 0x000000008f400000, 0x000000008f400000|100%| E|CS|TAMS 0x000000008f300000, 0x000000008f300000| Complete 
| 244|0x000000008f400000, 0x000000008f500000, 0x000000008f500000|100%| E|CS|TAMS 0x000000008f400000, 0x000000008f400000| Complete 
| 245|0x000000008f500000, 0x000000008f600000, 0x000000008f600000|100%| E|CS|TAMS 0x000000008f500000, 0x000000008f500000| Complete 
| 246|0x000000008f600000, 0x000000008f700000, 0x000000008f700000|100%| E|CS|TAMS 0x000000008f600000, 0x000000008f600000| Complete 
| 247|0x000000008f700000, 0x000000008f800000, 0x000000008f800000|100%| E|CS|TAMS 0x000000008f700000, 0x000000008f700000| Complete 
| 248|0x000000008f800000, 0x000000008f900000, 0x000000008f900000|100%| E|CS|TAMS 0x000000008f800000, 0x000000008f800000| Complete 
| 249|0x000000008f900000, 0x000000008fa00000, 0x000000008fa00000|100%| E|CS|TAMS 0x000000008f900000, 0x000000008f900000| Complete 
| 250|0x000000008fa00000, 0x000000008fb00000, 0x000000008fb00000|100%| E|CS|TAMS 0x000000008fa00000, 0x000000008fa00000| Complete 
| 251|0x000000008fb00000, 0x000000008fc00000, 0x000000008fc00000|100%| E|CS|TAMS 0x000000008fb00000, 0x000000008fb00000| Complete 

Card table byte_map: [0x000001d7c4c30000,0x000001d7c5030000] _byte_map_base: 0x000001d7c4830000

Marking Bits (Prev, Next): (CMBitMap*) 0x000001d7ad6f0b30, (CMBitMap*) 0x000001d7ad6f0b70
 Prev Bits: [0x000001d7c5430000, 0x000001d7c7430000)
 Next Bits: [0x000001d7c7430000, 0x000001d7c9430000)

Polling page: 0x000001d7ab5f0000

Metaspace:

Usage:
  Non-class:     13.17 MB used.
      Class:      2.08 MB used.
       Both:     15.25 MB used.

Virtual space:
  Non-class space:       64.00 MB reserved,      13.44 MB ( 21%) committed,  1 nodes.
      Class space:      412.00 MB reserved,       2.38 MB ( <1%) committed,  1 nodes.
             Both:      476.00 MB reserved,      15.81 MB (  3%) committed. 

Chunk freelists:
   Non-Class:  2.33 MB
       Class:  1.68 MB
        Both:  4.01 MB

MaxMetaspaceSize: 512.00 MB
CompressedClassSpaceSize: 412.00 MB
Initial GC threshold: 21.00 MB
Current GC threshold: 21.00 MB
CDS: on
MetaspaceReclaimPolicy: balanced
 - commit_granule_bytes: 65536.
 - commit_granule_words: 8192.
 - virtual_space_node_default_size: 8388608.
 - enlarge_chunks_in_place: 1.
 - new_chunks_are_fully_committed: 0.
 - uncommit_free_chunks: 1.
 - use_allocation_guard: 0.


Internal statistics:

num_allocs_failed_limit: 0.
num_arena_births: 636.
num_arena_deaths: 0.
num_vsnodes_births: 2.
num_vsnodes_deaths: 0.
num_space_committed: 253.
num_space_uncommitted: 0.
num_chunks_returned_to_freelist: 0.
num_chunks_taken_from_freelist: 1186.
num_chunk_merges: 0.
num_chunk_splits: 772.
num_chunks_enlarged: 527.
num_inconsistent_stats: 0.

CodeHeap 'non-profiled nmethods': size=119168Kb used=1117Kb max_used=1117Kb free=118050Kb
 bounds [0x000001d7bcb50000, 0x000001d7bcdc0000, 0x000001d7c3fb0000]
CodeHeap 'profiled nmethods': size=119104Kb used=5525Kb max_used=5525Kb free=113578Kb
 bounds [0x000001d7b5700000, 0x000001d7b5c70000, 0x000001d7bcb50000]
CodeHeap 'non-nmethods': size=7488Kb used=2932Kb max_used=2947Kb free=4555Kb
 bounds [0x000001d7b4fb0000, 0x000001d7b52a0000, 0x000001d7b5700000]
 total_blobs=3209 nmethods=2670 adapters=448
 compilation: enabled
              stopped_count=0, restarted_count=0
 full_count=0

Compilation events (20 events):
Event: 1.398 Thread 0x000001d7d0963d60 2563       4       jdk.internal.access.SharedSecrets::getJavaLangAccess (4 bytes)
Event: 1.398 Thread 0x000001d7d0963d60 nmethod 2563 0x000001d7bcc5c010 code [0x000001d7bcc5c180, 0x000001d7bcc5c1f8]
Event: 1.399 Thread 0x000001d7d080a4b0 2564       3       java.lang.invoke.ClassSpecializer$SpeciesData::fieldCount (10 bytes)
Event: 1.399 Thread 0x000001d7d0963d60 2565       4       java.lang.invoke.LambdaForm::useCount (61 bytes)
Event: 1.399 Thread 0x000001d7d080a4b0 nmethod 2564 0x000001d7b5c38190 code [0x000001d7b5c38340, 0x000001d7b5c38508]
Event: 1.401 Thread 0x000001d7d0963d60 nmethod 2565 0x000001d7bcc5c310 code [0x000001d7bcc5c4a0, 0x000001d7bcc5c718]
Event: 1.404 Thread 0x000001d7d080a4b0 2569       3       jdk.internal.misc.Unsafe::weakCompareAndSetInt (11 bytes)
Event: 1.404 Thread 0x000001d7d080a4b0 nmethod 2569 0x000001d7b5c38610 code [0x000001d7b5c387a0, 0x000001d7b5c388d8]
Event: 1.408 Thread 0x000001d7d0963d60 2571       4       java.lang.invoke.MethodType::equals (56 bytes)
Event: 1.411 Thread 0x000001d7d0963d60 nmethod 2571 0x000001d7bcc5d610 code [0x000001d7bcc5d7a0, 0x000001d7bcc5da58]
Event: 1.413 Thread 0x000001d7d0963d60 2572       4       jdk.internal.perf.PerfCounter::addElapsedTimeFrom (10 bytes)
Event: 1.414 Thread 0x000001d7d0963d60 nmethod 2572 0x000001d7bcc5dd10 code [0x000001d7bcc5dea0, 0x000001d7bcc5e0d8]
Event: 1.414 Thread 0x000001d7d080a4b0 2573       3       java.lang.invoke.VarHandleReferences$FieldInstanceReadWrite::compareAndSet (48 bytes)
Event: 1.416 Thread 0x000001d7d080a4b0 nmethod 2573 0x000001d7b5c38990 code [0x000001d7b5c38c00, 0x000001d7b5c39688]
Event: 1.423 Thread 0x000001d7d080a4b0 2574       3       java.util.Collections::emptySet (4 bytes)
Event: 1.423 Thread 0x000001d7d080a4b0 nmethod 2574 0x000001d7b5c39a90 code [0x000001d7b5c39c20, 0x000001d7b5c39d18]
Event: 1.425 Thread 0x000001d7d080a4b0 2575       3       java.lang.invoke.ClassSpecializer$SpeciesData::transformHelper (56 bytes)
Event: 1.425 Thread 0x000001d7d08c4300 2576       3       java.lang.invoke.MethodHandle::asFixedArity (23 bytes)
Event: 1.425 Thread 0x000001d7d08c4300 nmethod 2576 0x000001d7b5c39d90 code [0x000001d7b5c39f20, 0x000001d7b5c3a038]
Event: 1.425 Thread 0x000001d7d080a4b0 nmethod 2575 0x000001d7b5c3a110 code [0x000001d7b5c3a3a0, 0x000001d7b5c3b308]

GC Heap History (4 events):
Event: 0.312 GC heap before
{Heap before GC invocations=0 (full 0):
 garbage-first heap   total 258048K, used 26624K [0x0000000080000000, 0x0000000100000000)
  region size 1024K, 23 young (23552K), 0 survivors (0K)
 Metaspace       used 2042K, committed 2240K, reserved 487424K
  class space    used 216K, committed 320K, reserved 421888K
}
Event: 0.315 GC heap after
{Heap after GC invocations=1 (full 0):
 garbage-first heap   total 258048K, used 10344K [0x0000000080000000, 0x0000000100000000)
  region size 1024K, 3 young (3072K), 3 survivors (3072K)
 Metaspace       used 2042K, committed 2240K, reserved 487424K
  class space    used 216K, committed 320K, reserved 421888K
}
Event: 0.581 GC heap before
{Heap before GC invocations=1 (full 0):
 garbage-first heap   total 258048K, used 39016K [0x0000000080000000, 0x0000000100000000)
  region size 1024K, 31 young (31744K), 3 survivors (3072K)
 Metaspace       used 4160K, committed 4416K, reserved 487424K
  class space    used 503K, committed 640K, reserved 421888K
}
Event: 0.584 GC heap after
{Heap after GC invocations=2 (full 0):
 garbage-first heap   total 258048K, used 11992K [0x0000000080000000, 0x0000000100000000)
  region size 1024K, 2 young (2048K), 2 survivors (2048K)
 Metaspace       used 4160K, committed 4416K, reserved 487424K
  class space    used 503K, committed 640K, reserved 421888K
}

Deoptimization events (20 events):
Event: 1.360 Thread 0x000001d7d2349ee0 Uncommon trap: trap_request=0xffffffc6 fr.pc=0x000001d7bcbc6d28 relative=0x0000000000000088
Event: 1.360 Thread 0x000001d7d2349ee0 Uncommon trap: reason=bimorphic_or_optimized_type_check action=maybe_recompile pc=0x000001d7bcbc6d28 method=java.util.AbstractList$Itr.hasNext()Z @ 8 c2
Event: 1.360 Thread 0x000001d7d2349ee0 DEOPT PACKING pc=0x000001d7bcbc6d28 sp=0x0000002fd1cfb000
Event: 1.360 Thread 0x000001d7d2349ee0 DEOPT UNPACKING pc=0x000001d7b50023a3 sp=0x0000002fd1cfaf98 mode 2
Event: 1.360 Thread 0x000001d7d2349ee0 Uncommon trap: trap_request=0xffffffc6 fr.pc=0x000001d7bcbcaa64 relative=0x0000000000000144
Event: 1.360 Thread 0x000001d7d2349ee0 Uncommon trap: reason=bimorphic_or_optimized_type_check action=maybe_recompile pc=0x000001d7bcbcaa64 method=java.util.AbstractList$Itr.next()Ljava/lang/Object; @ 14 c2
Event: 1.360 Thread 0x000001d7d2349ee0 DEOPT PACKING pc=0x000001d7bcbcaa64 sp=0x0000002fd1cfaff0
Event: 1.360 Thread 0x000001d7d2349ee0 DEOPT UNPACKING pc=0x000001d7b50023a3 sp=0x0000002fd1cfaf88 mode 2
Event: 1.360 Thread 0x000001d7d2349ee0 Uncommon trap: trap_request=0xffffff45 fr.pc=0x000001d7bcbc4ec8 relative=0x00000000000005a8
Event: 1.360 Thread 0x000001d7d2349ee0 Uncommon trap: reason=unstable_if action=reinterpret pc=0x000001d7bcbc4ec8 method=java.io.File.getName()Ljava/lang/String; @ 16 c2
Event: 1.360 Thread 0x000001d7d2349ee0 DEOPT PACKING pc=0x000001d7bcbc4ec8 sp=0x0000002fd1cfbb50
Event: 1.360 Thread 0x000001d7d2349ee0 DEOPT UNPACKING pc=0x000001d7b50023a3 sp=0x0000002fd1cfbb20 mode 2
Event: 1.398 Thread 0x000001d7d2349ee0 Uncommon trap: trap_request=0xffffff45 fr.pc=0x000001d7bcb76cf8 relative=0x00000000000000d8
Event: 1.398 Thread 0x000001d7d2349ee0 Uncommon trap: reason=unstable_if action=reinterpret pc=0x000001d7bcb76cf8 method=java.util.HashMap.hash(Ljava/lang/Object;)I @ 1 c2
Event: 1.398 Thread 0x000001d7d2349ee0 DEOPT PACKING pc=0x000001d7bcb76cf8 sp=0x0000002fd1cfc960
Event: 1.398 Thread 0x000001d7d2349ee0 DEOPT UNPACKING pc=0x000001d7b50023a3 sp=0x0000002fd1cfc8a0 mode 2
Event: 1.422 Thread 0x000001d7d2349ee0 Uncommon trap: trap_request=0xffffff45 fr.pc=0x000001d7bcbe64cc relative=0x000000000000072c
Event: 1.422 Thread 0x000001d7d2349ee0 Uncommon trap: reason=unstable_if action=reinterpret pc=0x000001d7bcbe64cc method=java.util.ArrayList.grow(I)[Ljava/lang/Object; @ 17 c2
Event: 1.422 Thread 0x000001d7d2349ee0 DEOPT PACKING pc=0x000001d7bcbe64cc sp=0x0000002fd1cfd5d0
Event: 1.422 Thread 0x000001d7d2349ee0 DEOPT UNPACKING pc=0x000001d7b50023a3 sp=0x0000002fd1cfd468 mode 2

Classes loaded (20 events):
Event: 1.360 Loading class java/io/File$TempDirectory
Event: 1.360 Loading class java/io/File$TempDirectory done
Event: 1.362 Loading class java/io/PrintWriter
Event: 1.362 Loading class java/io/PrintWriter done
Event: 1.367 Loading class java/util/zip/CheckedInputStream
Event: 1.367 Loading class java/util/zip/CheckedInputStream done
Event: 1.367 Loading class java/io/FilenameFilter
Event: 1.367 Loading class java/io/FilenameFilter done
Event: 1.368 Loading class java/nio/file/PathMatcher
Event: 1.368 Loading class java/nio/file/PathMatcher done
Event: 1.368 Loading class java/nio/file/FileVisitor
Event: 1.368 Loading class java/nio/file/FileVisitor done
Event: 1.383 Loading class java/util/concurrent/Semaphore
Event: 1.383 Loading class java/util/concurrent/Semaphore done
Event: 1.384 Loading class java/nio/file/FileVisitOption
Event: 1.384 Loading class java/nio/file/FileVisitOption done
Event: 1.386 Loading class java/util/stream/ReduceOps$1
Event: 1.386 Loading class java/util/stream/ReduceOps$1 done
Event: 1.386 Loading class java/util/stream/ReduceOps$1ReducingSink
Event: 1.386 Loading class java/util/stream/ReduceOps$1ReducingSink done

Classes unloaded (0 events):
No events

Classes redefined (0 events):
No events

Internal exceptions (20 events):
Event: 1.210 Thread 0x000001d7d2349ee0 Exception <a 'java/lang/NoSuchMethodError'{0x000000008be13ce8}: 'void java.lang.invoke.DirectMethodHandle$Holder.invokeStaticInit(java.lang.Object, java.lang.Object)'> (0x000000008be13ce8) 
thrown [s\open\src\hotspot\share\interpreter\linkResolver.cpp, line 759]
Event: 1.243 Thread 0x000001d7d2349ee0 Exception <a 'java/lang/NoSuchMethodError'{0x000000008bcbe898}: 'void java.lang.invoke.DelegatingMethodHandle$Holder.reinvoke_L(java.lang.Object, java.lang.Object, java.lang.Object, java.lang.Object, java.lang.Object, java.lang.Object, java.lang.Object, java.lang.Object, java.lang.Object, java.lang.Object)'> (0x000000008bcbe898) 
thrown [s\open\src\hotspot\share\interpreter\linkResolver.cpp, line 759]
Event: 1.243 Thread 0x000001d7d2349ee0 Exception <a 'java/lang/NoSuchMethodError'{0x000000008bcc6cf8}: 'java.lang.Object java.lang.invoke.DirectMethodHandle$Holder.invokeSpecial(java.lang.Object, java.lang.Object, java.lang.Object, java.lang.Object, java.lang.Object, java.lang.Object, java.lang.Object, java.lang.Object, java.lang.Object, java.lang.Object)'> (0x000000008bcc6cf8) 
thrown [s\open\src\hotspot\share\interpreter\linkResolver.cpp, line 759]
Event: 1.243 Thread 0x000001d7d2349ee0 Exception <a 'java/lang/NoSuchMethodError'{0x000000008bccadd8}: 'java.lang.Object java.lang.invoke.Invokers$Holder.invoker(java.lang.Object, java.lang.Object, java.lang.Object, java.lang.Object, java.lang.Object, java.lang.Object, java.lang.Object, java.lang.Object, java.lang.Object, java.lang.Object)'> (0x000000008bccadd8) 
thrown [s\open\src\hotspot\share\interpreter\linkResolver.cpp, line 759]
Event: 1.285 Thread 0x000001d7d2349ee0 Exception <a 'java/lang/NoSuchMethodError'{0x000000008b851558}: 'void java.lang.invoke.DirectMethodHandle$Holder.invokeVirtual(java.lang.Object, java.lang.Object, java.lang.Object, java.lang.Object, java.lang.Object)'> (0x000000008b851558) 
thrown [s\open\src\hotspot\share\interpreter\linkResolver.cpp, line 759]
Event: 1.304 Thread 0x000001d7d2349ee0 Exception <a 'java/lang/NoSuchMethodError'{0x000000008b60a660}: 'void java.lang.invoke.DirectMethodHandle$Holder.invokeInterface(java.lang.Object, java.lang.Object)'> (0x000000008b60a660) 
thrown [s\open\src\hotspot\share\interpreter\linkResolver.cpp, line 759]
Event: 1.305 Thread 0x000001d7d2349ee0 Exception <a 'java/lang/IncompatibleClassChangeError'{0x000000008b60de90}: Found class java.lang.Object, but interface was expected> (0x000000008b60de90) 
thrown [s\open\src\hotspot\share\interpreter\linkResolver.cpp, line 826]
Event: 1.310 Thread 0x000001d7d2349ee0 Exception <a 'java/lang/NoSuchMethodError'{0x000000008b67f4b8}: 'void java.lang.invoke.DirectMethodHandle$Holder.invokeStaticInit(java.lang.Object)'> (0x000000008b67f4b8) 
thrown [s\open\src\hotspot\share\interpreter\linkResolver.cpp, line 759]
Event: 1.316 Thread 0x000001d7d2349ee0 Exception <a 'java/lang/NoSuchMethodError'{0x000000008b52fa58}: 'java.lang.Object java.lang.invoke.DirectMethodHandle$Holder.newInvokeSpecial(java.lang.Object, java.lang.Object, java.lang.Object, int)'> (0x000000008b52fa58) 
thrown [s\open\src\hotspot\share\interpreter\linkResolver.cpp, line 759]
Event: 1.316 Thread 0x000001d7d2349ee0 Exception <a 'java/lang/NoSuchMethodError'{0x000000008b534390}: 'java.lang.Object java.lang.invoke.DirectMethodHandle$Holder.invokeSpecial(java.lang.Object, java.lang.Object, java.lang.Object, java.lang.Object, int)'> (0x000000008b534390) 
thrown [s\open\src\hotspot\share\interpreter\linkResolver.cpp, line 759]
Event: 1.317 Thread 0x000001d7d2349ee0 Exception <a 'java/lang/NoSuchMethodError'{0x000000008b5384a8}: 'java.lang.Object java.lang.invoke.Invokers$Holder.linkToTargetMethod(java.lang.Object, java.lang.Object, int, java.lang.Object)'> (0x000000008b5384a8) 
thrown [s\open\src\hotspot\share\interpreter\linkResolver.cpp, line 759]
Event: 1.325 Thread 0x000001d7d2349ee0 Exception <a 'java/lang/NoSuchMethodError'{0x000000008b435838}: 'java.lang.Object java.lang.invoke.DirectMethodHandle$Holder.invokeVirtual(java.lang.Object, java.lang.Object, java.lang.Object, java.lang.Object, java.lang.Object, java.lang.Object, java.lang.Object, java.lang.Object)'> (0x000000008b435838) 
thrown [s\open\src\hotspot\share\interpreter\linkResolver.cpp, line 759]
Event: 1.325 Thread 0x000001d7d2349ee0 Exception <a 'java/lang/NoSuchMethodError'{0x000000008b43ac68}: 'java.lang.Object java.lang.invoke.DirectMethodHandle$Holder.invokeSpecial(java.lang.Object, java.lang.Object, java.lang.Object, java.lang.Object, java.lang.Object, java.lang.Object, java.lang.Object, java.lang.Object, java.lang.Object)'> (0x000000008b43ac68) 
thrown [s\open\src\hotspot\share\interpreter\linkResolver.cpp, line 759]
Event: 1.358 Thread 0x000001d7d2349ee0 Exception <a 'java/lang/NoSuchMethodError'{0x000000008b026a70}: 'java.lang.Object java.lang.invoke.DirectMethodHandle$Holder.invokeVirtual(java.lang.Object, java.lang.Object, java.lang.Object, java.lang.Object, java.lang.Object, java.lang.Object, java.lang.Object, java.lang.Object, java.lang.Object)'> (0x000000008b026a70) 
thrown [s\open\src\hotspot\share\interpreter\linkResolver.cpp, line 759]
Event: 1.370 Thread 0x000001d7d2349ee0 Exception <a 'java/lang/NoSuchMethodError'{0x000000008af31e98}: 'int java.lang.invoke.DirectMethodHandle$Holder.invokeVirtual(java.lang.Object, java.lang.Object, java.lang.Object)'> (0x000000008af31e98) 
thrown [s\open\src\hotspot\share\interpreter\linkResolver.cpp, line 759]
Event: 1.385 Thread 0x000001d7d2349ee0 Exception <a 'java/lang/NoSuchMethodError'{0x000000008ae5f7b0}: 'int java.lang.invoke.DirectMethodHandle$Holder.invokeSpecialIFC(java.lang.Object, java.lang.Object, java.lang.Object, java.lang.Object)'> (0x000000008ae5f7b0) 
thrown [s\open\src\hotspot\share\interpreter\linkResolver.cpp, line 759]
Event: 1.385 Thread 0x000001d7d2349ee0 Exception <a 'java/lang/NoSuchMethodError'{0x000000008ae6ea58}: 'java.lang.Object java.lang.invoke.DirectMethodHandle$Holder.invokeInterface(java.lang.Object, java.lang.Object, java.lang.Object)'> (0x000000008ae6ea58) 
thrown [s\open\src\hotspot\share\interpreter\linkResolver.cpp, line 759]
Event: 1.386 Thread 0x000001d7d2349ee0 Exception <a 'java/lang/IncompatibleClassChangeError'{0x000000008ae72668}: Found class java.lang.Object, but interface was expected> (0x000000008ae72668) 
thrown [s\open\src\hotspot\share\interpreter\linkResolver.cpp, line 826]
Event: 1.398 Thread 0x000001d7d2349ee0 Implicit null exception at 0x000001d7bcb76c58 to 0x000001d7bcb76cee
Event: 1.406 Thread 0x000001d7d2349ee0 Exception <a 'java/lang/NoSuchMethodError'{0x000000008ac67b80}: 'int java.lang.invoke.DirectMethodHandle$Holder.invokeStatic(java.lang.Object, java.lang.Object, java.lang.Object, java.lang.Object)'> (0x000000008ac67b80) 
thrown [s\open\src\hotspot\share\interpreter\linkResolver.cpp, line 759]

VM Operations (20 events):
Event: 0.795 Executing VM operation: HandshakeAllThreads
Event: 0.795 Executing VM operation: HandshakeAllThreads done
Event: 0.810 Executing VM operation: HandshakeAllThreads
Event: 0.810 Executing VM operation: HandshakeAllThreads done
Event: 0.852 Executing VM operation: HandshakeAllThreads
Event: 0.852 Executing VM operation: HandshakeAllThreads done
Event: 0.878 Executing VM operation: HandshakeAllThreads
Event: 0.878 Executing VM operation: HandshakeAllThreads done
Event: 0.897 Executing VM operation: HandshakeAllThreads
Event: 0.897 Executing VM operation: HandshakeAllThreads done
Event: 0.906 Executing VM operation: HandshakeAllThreads
Event: 0.906 Executing VM operation: HandshakeAllThreads done
Event: 0.938 Executing VM operation: HandshakeAllThreads
Event: 0.938 Executing VM operation: HandshakeAllThreads done
Event: 1.026 Executing VM operation: HandshakeAllThreads
Event: 1.026 Executing VM operation: HandshakeAllThreads done
Event: 1.094 Executing VM operation: ICBufferFull
Event: 1.094 Executing VM operation: ICBufferFull done
Event: 1.229 Executing VM operation: HandshakeAllThreads
Event: 1.229 Executing VM operation: HandshakeAllThreads done

Events (20 events):
Event: 0.056 Thread 0x000001d7d0a8db30 Thread added: 0x000001d7d0a8db30
Event: 0.188 Loaded shared library C:\Program Files\Java\jdk-18.0.2.1\bin\jimage.dll
Event: 0.237 Loaded shared library C:\Program Files\Java\jdk-18.0.2.1\bin\verify.dll
Event: 0.328 Loaded shared library C:\Users\sgmpd\.gradle\native\c067742578af261105cb4f569cf0c3c89f3d7b1fecec35dd04571415982c5e48\windows-amd64\native-platform.dll
Event: 0.330 Loaded shared library C:\Users\sgmpd\.gradle\native\100fb08df4bc3b14c8652ba06237920a3bd2aa13389f12d3474272988ae205f9\windows-amd64\native-platform-file-events.dll
Event: 0.842 Loaded shared library C:\Program Files\Java\jdk-18.0.2.1\bin\management.dll
Event: 0.844 Loaded shared library C:\Program Files\Java\jdk-18.0.2.1\bin\management_ext.dll
Event: 0.862 Thread 0x000001d7d1cf3070 Thread added: 0x000001d7d1cf3070
Event: 1.006 Thread 0x000001d7d22bf400 Thread added: 0x000001d7d22bf400
Event: 1.043 Thread 0x000001d7d22bb2e0 Thread added: 0x000001d7d22bb2e0
Event: 1.058 Thread 0x000001d7d22f71e0 Thread added: 0x000001d7d22f71e0
Event: 1.059 Thread 0x000001d7d2329bb0 Thread added: 0x000001d7d2329bb0
Event: 1.080 Thread 0x000001d7d2337190 Thread added: 0x000001d7d2337190
Event: 1.083 Thread 0x000001d7d2349ee0 Thread added: 0x000001d7d2349ee0
Event: 1.089 Thread 0x000001d7d2463040 Thread added: 0x000001d7d2463040
Event: 1.091 Thread 0x000001d7d24639e0 Thread added: 0x000001d7d24639e0
Event: 1.093 Thread 0x000001d7d24626a0 Thread added: 0x000001d7d24626a0
Event: 1.316 Thread 0x000001d7d24621d0 Thread added: 0x000001d7d24621d0
Event: 1.322 Thread 0x000001d7d2465b90 Thread added: 0x000001d7d2465b90
Event: 1.341 Thread 0x000001d7d2463eb0 Thread added: 0x000001d7d2463eb0


Dynamic libraries:
0x00007ff6b6a10000 - 0x00007ff6b6a20000 	C:\Program Files\Java\jdk-18.0.2.1\bin\java.exe
0x00007ff98e2d0000 - 0x00007ff98e4e7000 	C:\Windows\SYSTEM32\ntdll.dll
0x00007ff98d850000 - 0x00007ff98d914000 	C:\Windows\System32\KERNEL32.DLL
0x00007ff98b730000 - 0x00007ff98bae7000 	C:\Windows\System32\KERNELBASE.dll
0x00007ff98b5e0000 - 0x00007ff98b6f1000 	C:\Windows\System32\ucrtbase.dll
0x00007ff985730000 - 0x00007ff985748000 	C:\Program Files\Java\jdk-18.0.2.1\bin\jli.dll
0x00007ff98c6d0000 - 0x00007ff98c782000 	C:\Windows\System32\ADVAPI32.dll
0x00007ff9837e0000 - 0x00007ff9837fa000 	C:\Program Files\Java\jdk-18.0.2.1\bin\VCRUNTIME140.dll
0x00007ff98c890000 - 0x00007ff98c937000 	C:\Windows\System32\msvcrt.dll
0x00007ff98d9f0000 - 0x00007ff98da98000 	C:\Windows\System32\sechost.dll
0x00007ff98bcd0000 - 0x00007ff98bcf8000 	C:\Windows\System32\bcrypt.dll
0x00007ff98dd70000 - 0x00007ff98de84000 	C:\Windows\System32\RPCRT4.dll
0x00007ff98c9a0000 - 0x00007ff98cb4f000 	C:\Windows\System32\USER32.dll
0x00007ff98b700000 - 0x00007ff98b726000 	C:\Windows\System32\win32u.dll
0x00007ff971fc0000 - 0x00007ff972253000 	C:\Windows\WinSxS\amd64_microsoft.windows.common-controls_6595b64144ccf1df_6.0.22621.3672_none_2713b9d173822955\COMCTL32.dll
0x00007ff98c3a0000 - 0x00007ff98c3c9000 	C:\Windows\System32\GDI32.dll
0x00007ff98bee0000 - 0x00007ff98bff8000 	C:\Windows\System32\gdi32full.dll
0x00007ff98be40000 - 0x00007ff98beda000 	C:\Windows\System32\msvcp_win.dll
0x00007ff982050000 - 0x00007ff98205a000 	C:\Windows\SYSTEM32\VERSION.dll
0x00007ff98d9b0000 - 0x00007ff98d9e1000 	C:\Windows\System32\IMM32.DLL
0x00007ff986980000 - 0x00007ff98698c000 	C:\Program Files\Java\jdk-18.0.2.1\bin\vcruntime140_1.dll
0x00007ff953c00000 - 0x00007ff953c8d000 	C:\Program Files\Java\jdk-18.0.2.1\bin\msvcp140.dll
0x00007ff903bf0000 - 0x00007ff904801000 	C:\Program Files\Java\jdk-18.0.2.1\bin\server\jvm.dll
0x00007ff98d9a0000 - 0x00007ff98d9a8000 	C:\Windows\System32\PSAPI.DLL
0x00007ff96ce30000 - 0x00007ff96ce39000 	C:\Windows\SYSTEM32\WSOCK32.dll
0x00007ff983680000 - 0x00007ff9836b4000 	C:\Windows\SYSTEM32\WINMM.dll
0x00007ff98d920000 - 0x00007ff98d991000 	C:\Windows\System32\WS2_32.dll
0x00007ff98a6e0000 - 0x00007ff98a6f8000 	C:\Windows\SYSTEM32\kernel.appcore.dll
0x00007ff9868a0000 - 0x00007ff9868aa000 	C:\Program Files\Java\jdk-18.0.2.1\bin\jimage.dll
0x00007ff988e30000 - 0x00007ff989062000 	C:\Windows\SYSTEM32\DBGHELP.DLL
0x00007ff98c010000 - 0x00007ff98c39e000 	C:\Windows\System32\combase.dll
0x00007ff98de90000 - 0x00007ff98df67000 	C:\Windows\System32\OLEAUT32.dll
0x00007ff96fed0000 - 0x00007ff96ff02000 	C:\Windows\SYSTEM32\dbgcore.DLL
0x00007ff98bdc0000 - 0x00007ff98be3b000 	C:\Windows\System32\bcryptPrimitives.dll
0x00007ff9861e0000 - 0x00007ff9861ee000 	C:\Program Files\Java\jdk-18.0.2.1\bin\instrument.dll
0x00007ff968f70000 - 0x00007ff968f95000 	C:\Program Files\Java\jdk-18.0.2.1\bin\java.dll
0x00007ff929620000 - 0x00007ff9296f6000 	C:\Program Files\Java\jdk-18.0.2.1\bin\jsvml.dll
0x00007ff98cb50000 - 0x00007ff98d3b9000 	C:\Windows\System32\SHELL32.dll
0x00007ff989510000 - 0x00007ff989e0f000 	C:\Windows\SYSTEM32\windows.storage.dll
0x00007ff9893d0000 - 0x00007ff98950f000 	C:\Windows\SYSTEM32\wintypes.dll
0x00007ff98c790000 - 0x00007ff98c889000 	C:\Windows\System32\SHCORE.dll
0x00007ff98c940000 - 0x00007ff98c99e000 	C:\Windows\System32\shlwapi.dll
0x00007ff98b510000 - 0x00007ff98b537000 	C:\Windows\SYSTEM32\profapi.dll
0x00007ff96d920000 - 0x00007ff96d938000 	C:\Program Files\Java\jdk-18.0.2.1\bin\zip.dll
0x00007ff96e180000 - 0x00007ff96e193000 	C:\Program Files\Java\jdk-18.0.2.1\bin\net.dll
0x00007ff986990000 - 0x00007ff986ac6000 	C:\Windows\SYSTEM32\WINHTTP.dll
0x00007ff98ab50000 - 0x00007ff98abb9000 	C:\Windows\system32\mswsock.dll
0x00007ff96d950000 - 0x00007ff96d966000 	C:\Program Files\Java\jdk-18.0.2.1\bin\nio.dll
0x00007ff986820000 - 0x00007ff986830000 	C:\Program Files\Java\jdk-18.0.2.1\bin\verify.dll
0x00007ff96d1c0000 - 0x00007ff96d1e7000 	C:\Users\sgmpd\.gradle\native\c067742578af261105cb4f569cf0c3c89f3d7b1fecec35dd04571415982c5e48\windows-amd64\native-platform.dll
0x00007ff9280f0000 - 0x00007ff928234000 	C:\Users\sgmpd\.gradle\native\100fb08df4bc3b14c8652ba06237920a3bd2aa13389f12d3474272988ae205f9\windows-amd64\native-platform-file-events.dll
0x00007ff986730000 - 0x00007ff986739000 	C:\Program Files\Java\jdk-18.0.2.1\bin\management.dll
0x00007ff9865f0000 - 0x00007ff9865fb000 	C:\Program Files\Java\jdk-18.0.2.1\bin\management_ext.dll
0x00007ff98ada0000 - 0x00007ff98adbb000 	C:\Windows\SYSTEM32\CRYPTSP.dll
0x00007ff98a640000 - 0x00007ff98a675000 	C:\Windows\system32\rsaenh.dll
0x00007ff98ac10000 - 0x00007ff98ac38000 	C:\Windows\SYSTEM32\USERENV.dll
0x00007ff98ad90000 - 0x00007ff98ad9c000 	C:\Windows\SYSTEM32\CRYPTBASE.dll
0x00007ff98a0e0000 - 0x00007ff98a10d000 	C:\Windows\SYSTEM32\IPHLPAPI.DLL
0x00007ff98dd60000 - 0x00007ff98dd69000 	C:\Windows\System32\NSI.dll
0x00007ff986d20000 - 0x00007ff986d39000 	C:\Windows\SYSTEM32\dhcpcsvc6.DLL
0x00007ff9864a0000 - 0x00007ff9864bf000 	C:\Windows\SYSTEM32\dhcpcsvc.DLL
0x00007ff98a150000 - 0x00007ff98a252000 	C:\Windows\SYSTEM32\DNSAPI.dll

dbghelp: loaded successfully - version: 4.0.5 - missing functions: none
symbol engine: initialized successfully - sym options: 0x614 - pdb path: .;C:\Program Files\Java\jdk-18.0.2.1\bin;C:\Windows\SYSTEM32;C:\Windows\WinSxS\amd64_microsoft.windows.common-controls_6595b64144ccf1df_6.0.22621.3672_none_2713b9d173822955;C:\Program Files\Java\jdk-18.0.2.1\bin\server;C:\Users\sgmpd\.gradle\native\c067742578af261105cb4f569cf0c3c89f3d7b1fecec35dd04571415982c5e48\windows-amd64;C:\Users\sgmpd\.gradle\native\100fb08df4bc3b14c8652ba06237920a3bd2aa13389f12d3474272988ae205f9\windows-amd64

VM Arguments:
jvm_args: -XX:MaxMetaspaceSize=512m --add-opens=java.base/java.util=ALL-UNNAMED --add-opens=java.base/java.lang=ALL-UNNAMED --add-opens=java.base/java.lang.invoke=ALL-UNNAMED --add-opens=java.prefs/java.util.prefs=ALL-UNNAMED --add-opens=java.base/java.nio.charset=ALL-UNNAMED --add-opens=java.base/java.net=ALL-UNNAMED --add-opens=java.base/java.util.concurrent.atomic=ALL-UNNAMED -Xmx2048m -Dfile.encoding=UTF-8 -Duser.country=US -Duser.language=en -Duser.variant -javaagent:C:\Users\sgmpd\.gradle\wrapper\dists\gradle-8.8-all\6gdy1pgp427xkqcjbxw3ylt6h\gradle-8.8\lib\agents\gradle-instrumentation-agent-8.8.jar 
java_command: org.gradle.launcher.daemon.bootstrap.GradleDaemon 8.8
java_class_path (initial): C:\Users\sgmpd\.gradle\wrapper\dists\gradle-8.8-all\6gdy1pgp427xkqcjbxw3ylt6h\gradle-8.8\lib\gradle-launcher-8.8.jar
Launcher Type: SUN_STANDARD

[Global flags]
     intx CICompilerCount                          = 12                                        {product} {ergonomic}
   size_t CompressedClassSpaceSize                 = 432013312                                 {product} {ergonomic}
     uint ConcGCThreads                            = 3                                         {product} {ergonomic}
     uint G1ConcRefinementThreads                  = 13                                        {product} {ergonomic}
   size_t G1HeapRegionSize                         = 1048576                                   {product} {ergonomic}
    uintx GCDrainStackTargetSize                   = 64                                        {product} {ergonomic}
   size_t InitialHeapSize                          = 264241152                                 {product} {ergonomic}
   size_t MarkStackSize                            = 4194304                                   {product} {ergonomic}
   size_t MaxHeapSize                              = 2147483648                                {product} {command line}
   size_t MaxMetaspaceSize                         = 536870912                                 {product} {command line}
   size_t MaxNewSize                               = 1287651328                                {product} {ergonomic}
   size_t MinHeapDeltaBytes                        = 1048576                                   {product} {ergonomic}
   size_t MinHeapSize                              = 8388608                                   {product} {ergonomic}
    uintx NonNMethodCodeHeapSize                   = 7602480                                {pd product} {ergonomic}
    uintx NonProfiledCodeHeapSize                  = 122027880                              {pd product} {ergonomic}
    uintx ProfiledCodeHeapSize                     = 122027880                              {pd product} {ergonomic}
    uintx ReservedCodeCacheSize                    = 251658240                              {pd product} {ergonomic}
     bool SegmentedCodeCache                       = true                                      {product} {ergonomic}
   size_t SoftMaxHeapSize                          = 2147483648                             {manageable} {ergonomic}
     bool UseCompressedClassPointers               = true                           {product lp64_product} {ergonomic}
     bool UseCompressedOops                        = true                           {product lp64_product} {ergonomic}
     bool UseG1GC                                  = true                                      {product} {ergonomic}
     bool UseLargePagesIndividualAllocation        = false                                  {pd product} {ergonomic}

Logging:
Log output configuration:
 #0: stdout all=warning uptime,level,tags foldmultilines=false
 #1: stderr all=off uptime,level,tags foldmultilines=false

Environment Variables:
JAVA_HOME=C:\Program Files\Java\jdk-18.0.2.1
CLASSPATH=C:\Project III\Plant Disease Ditection\frontend\PlantDiseaseDetection\android\\gradle\wrapper\gradle-wrapper.jar
PATH=C:\Project III\Plant Disease Ditection\frontend\PlantDiseaseDetection\node_modules\.bin;C:\Project III\Plant Disease Ditection\frontend\PlantDiseaseDetection\node_modules\.bin;C:\Project III\Plant Disease Ditection\frontend\node_modules\.bin;C:\Project III\Plant Disease Ditection\node_modules\.bin;C:\Project III\node_modules\.bin;C:\node_modules\.bin;C:\Users\sgmpd\AppData\Roaming\npm\node_modules\npm\node_modules\@npmcli\run-script\lib\node-gyp-bin;C:\Project III\Plant Disease Ditection\frontend\PlantDiseaseDetection\node_modules\.bin;C:\Project III\Plant Disease Ditection\frontend\node_modules\.bin;C:\Project III\Plant Disease Ditection\node_modules\.bin;C:\Project III\node_modules\.bin;C:\node_modules\.bin;C:\Users\sgmpd\AppData\Roaming\npm\node_modules\npm\node_modules\@npmcli\run-script\lib\node-gyp-bin;;C:\Program Files\Common Files\Oracle\Java\javapath;C:\Program Files\NVIDIA\CUDNN\v9.3\bin;C:\Program Files (x86)\Common Files\Oracle\Java\javapath;C:\Windows\system32;C:\Windows;C:\Windows\System32\Wbem;C:\Windows\System32\WindowsPowerShell\v1.0\;C:\Windows\System32\OpenSSH\;C:\Program Files (x86)\NVIDIA Corporation\PhysX\Common;C:\Program Files\NVIDIA Corporation\NVIDIA NvDLISR;C:\Program Files\nodejs\;C:\Program Files\Git\cmd;C:\Program Files\NVIDIA Corporation\Nsight Compute 2024.3.2\;C:\Users\sgmpd\AppData\Local\Programs\Python\Python310\Scripts\;C:\Users\sgmpd\AppData\Local\Programs\Python\Python310\;C:\Users\sgmpd\AppData\Local\Programs\Python\Python313\Scripts\;C:\Users\sgmpd\AppData\Local\Programs\Python\Python313\;C:\Users\sgmpd\AppData\Local\Programs\Python\Launcher\;C:\Users\sgmpd\AppData\Local\Android\Sdk\tools;C:\Users\sgmpd\AppData\Local\Android\Sdk\tools;C:\Users\sgmpd\AppData\Local\jdk-11.0.2\bin;C:\Users\sgmpd\AppData\Local\Android\Sdk\tools;C:\Users\sgmpd\AppData\Local\jdk-11.0.2\bin;C:\Users\sgmpd\AppData\Local\Microsoft\WindowsApps;C:\Users\sgmpd\AppData\Local\Programs\Microsoft VS Code\bin;C:\Users\sgmpd\AppData\Roaming\npm;C:\Users\sgmpd\AppData\Local\Android\Sdk\platform-tools;
USERNAME=sgmpd
LANG=en_US.UTF-8
OS=Windows_NT
PROCESSOR_IDENTIFIER=Intel64 Family 6 Model 154 Stepping 3, GenuineIntel



---------------  S Y S T E M  ---------------

OS:
 Windows 11 , 64 bit Build 22621 (10.0.22621.3958)
OS uptime: 22 days 7:04 hours
Hyper-V role detected

CPU: total 16 (initial active 16) (8 cores per cpu, 2 threads per core) family 6 model 154 stepping 3 microcode 0x420, cx8, cmov, fxsr, ht, mmx, 3dnowpref, sse, sse2, sse3, ssse3, sse4.1, sse4.2, popcnt, lzcnt, tsc, tscinvbit, avx, avx2, aes, erms, clmul, bmi1, bmi2, adx, sha, fma, vzeroupper, clflush, clflushopt, clwb, hv, serialize

Memory: 4k page, system-wide physical 16088M (2013M free)
TotalPageFile size 62722M (AvailPageFile size 4M)
current process WorkingSet (physical memory assigned to process): 197M, peak: 197M
current process commit charge ("private bytes"): 419M, peak: 420M

vm_info: Java HotSpot(TM) 64-Bit Server VM (18.0.2.1+1-1) for windows-amd64 JRE (18.0.2.1+1-1), built on Aug 16 2022 01:46:33 by "mach5one" with MS VC++ 16.8 / 16.9 (VS2019)

END.
